Logfile initialized
[INFO] logfile = D:\Development\Titanium Studio Workspace\okidokid\build.log
[DEBUG] C:\Users\Benjamin\AppData\Roaming\Titanium\mobilesdk\win32\2.0.2.GA\android\builder.py install okidokid C:\Program Files (x86)\Android\android-sdk D:\Development\Titanium Studio Workspace\okidokid com.iesa.okidokid 5
[INFO] Titanium SDK version: 2.0.2 (05/30/12 10:21 2ff31a3)
[DEBUG] Waiting for device to be ready ...
[TRACE] adb devices returned 1 devices/emulators
[DEBUG] Device connected... (waited 0 seconds)
[DEBUG] waited 0.023000 seconds on emulator to get ready
[DEBUG] com.iesa.okidokid installed? False
[INFO] Copying CommonJS modules...
[INFO] Copying project resources..
[TRACE] COPYING MODIFIED FILE: D:\Development\Titanium Studio Workspace\okidokid\Resources\ui\child\ChildActivitiesListView.js => D:\Development\Titanium Studio Workspace\okidokid\build\android\bin\assets\Resources\ui\child\ChildActivitiesListView.js
[TRACE] Generating Java Classes
[DEBUG] Processing Android resource drawables
[TRACE] COPYING FILE: D:\Development\Titanium Studio Workspace\okidokid\Resources\android\images\res-long-port-hdpi\default_old.png => D:\Development\Titanium Studio Workspace\okidokid\build\android\res\drawable-long-port-hdpi\default_old_0e5a672238.png
[TRACE] COPYING FILE: D:\Development\Titanium Studio Workspace\okidokid\Resources\android\images\res-long-port-ldpi\default_old_petit.png => D:\Development\Titanium Studio Workspace\okidokid\build\android\res\drawable-long-port-ldpi\default_old_petit_4fd2c87033.png
[TRACE] COPYING FILE: D:\Development\Titanium Studio Workspace\okidokid\Resources\android\images\res-notlong-port-hdpi\default_old.png => D:\Development\Titanium Studio Workspace\okidokid\build\android\res\drawable-notlong-port-hdpi\default_old_0e5a672238.png
[DEBUG] copying app icon: D:\Development\Titanium Studio Workspace\okidokid\build\android\bin\assets\Resources\appicon.png
[DEBUG] generating theme.xml
[DEBUG] found drawable-long-land-hdpi splash screen at D:\Development\Titanium Studio Workspace\okidokid\Resources\android\images\res-long-land-hdpi\default.png
[DEBUG] copying D:\Development\Titanium Studio Workspace\okidokid\Resources\android\images\res-long-land-hdpi\default.png splash screen to D:\Development\Titanium Studio Workspace\okidokid\build\android\res\drawable-long-land-hdpi\background.png
[DEBUG] found drawable-long-land-ldpi splash screen at D:\Development\Titanium Studio Workspace\okidokid\Resources\android\images\res-long-land-ldpi\default.png
[DEBUG] copying D:\Development\Titanium Studio Workspace\okidokid\Resources\android\images\res-long-land-ldpi\default.png splash screen to D:\Development\Titanium Studio Workspace\okidokid\build\android\res\drawable-long-land-ldpi\background.png
[DEBUG] found drawable-long-port-hdpi splash screen at D:\Development\Titanium Studio Workspace\okidokid\Resources\android\images\res-long-port-hdpi\default.png
[DEBUG] copying D:\Development\Titanium Studio Workspace\okidokid\Resources\android\images\res-long-port-hdpi\default.png splash screen to D:\Development\Titanium Studio Workspace\okidokid\build\android\res\drawable-long-port-hdpi\background.png
[DEBUG] found drawable-long-port-ldpi splash screen at D:\Development\Titanium Studio Workspace\okidokid\Resources\android\images\res-long-port-ldpi\default.png
[DEBUG] copying D:\Development\Titanium Studio Workspace\okidokid\Resources\android\images\res-long-port-ldpi\default.png splash screen to D:\Development\Titanium Studio Workspace\okidokid\build\android\res\drawable-long-port-ldpi\background.png
[DEBUG] found drawable-notlong-land-hdpi splash screen at D:\Development\Titanium Studio Workspace\okidokid\Resources\android\images\res-notlong-land-hdpi\default.png
[DEBUG] copying D:\Development\Titanium Studio Workspace\okidokid\Resources\android\images\res-notlong-land-hdpi\default.png splash screen to D:\Development\Titanium Studio Workspace\okidokid\build\android\res\drawable-notlong-land-hdpi\background.png
[DEBUG] found drawable-notlong-land-ldpi splash screen at D:\Development\Titanium Studio Workspace\okidokid\Resources\android\images\res-notlong-land-ldpi\default.png
[DEBUG] copying D:\Development\Titanium Studio Workspace\okidokid\Resources\android\images\res-notlong-land-ldpi\default.png splash screen to D:\Development\Titanium Studio Workspace\okidokid\build\android\res\drawable-notlong-land-ldpi\background.png
[DEBUG] found drawable-notlong-land-mdpi splash screen at D:\Development\Titanium Studio Workspace\okidokid\Resources\android\images\res-notlong-land-mdpi\default.png
[DEBUG] copying D:\Development\Titanium Studio Workspace\okidokid\Resources\android\images\res-notlong-land-mdpi\default.png splash screen to D:\Development\Titanium Studio Workspace\okidokid\build\android\res\drawable-notlong-land-mdpi\background.png
[DEBUG] found drawable-notlong-port-hdpi splash screen at D:\Development\Titanium Studio Workspace\okidokid\Resources\android\images\res-notlong-port-hdpi\default.png
[DEBUG] copying D:\Development\Titanium Studio Workspace\okidokid\Resources\android\images\res-notlong-port-hdpi\default.png splash screen to D:\Development\Titanium Studio Workspace\okidokid\build\android\res\drawable-notlong-port-hdpi\background.png
[DEBUG] found drawable-notlong-port-ldpi splash screen at D:\Development\Titanium Studio Workspace\okidokid\Resources\android\images\res-notlong-port-ldpi\default.png
[DEBUG] copying D:\Development\Titanium Studio Workspace\okidokid\Resources\android\images\res-notlong-port-ldpi\default.png splash screen to D:\Development\Titanium Studio Workspace\okidokid\build\android\res\drawable-notlong-port-ldpi\background.png
[DEBUG] found drawable-notlong-port-mdpi splash screen at D:\Development\Titanium Studio Workspace\okidokid\Resources\android\images\res-notlong-port-mdpi\default.png
[DEBUG] copying D:\Development\Titanium Studio Workspace\okidokid\Resources\android\images\res-notlong-port-mdpi\default.png splash screen to D:\Development\Titanium Studio Workspace\okidokid\build\android\res\drawable-notlong-port-mdpi\background.png
[DEBUG] copying default splash screen
[TRACE] Writing out AndroidManifest.xml
[DEBUG] adding D:\Development\Titanium Studio Workspace\okidokid\build\android\gen\com\iesa\okidokid\OkidokidActivity.java to javac build list
[DEBUG] adding D:\Development\Titanium Studio Workspace\okidokid\build\android\gen\com\iesa\okidokid\OkidokidAppInfo.java to javac build list
[DEBUG] adding D:\Development\Titanium Studio Workspace\okidokid\build\android\gen\com\iesa\okidokid\OkidokidApplication.java to javac build list
[DEBUG] adding D:\Development\Titanium Studio Workspace\okidokid\build\android\gen\com\iesa\okidokid\R.java to javac build list
[DEBUG] Building Java Sources: "D:\\Development\\Titanium Studio Workspace\\okidokid\\build\\android\\gen\\com\\iesa\\okidokid\\OkidokidActivity.java" "D:\\Development\\Titanium Studio Workspace\\okidokid\\build\\android\\gen\\com\\iesa\\okidokid\\OkidokidAppInfo.java" "D:\\Development\\Titanium Studio Workspace\\okidokid\\build\\android\\gen\\com\\iesa\\okidokid\\OkidokidApplication.java" "D:\\Development\\Titanium Studio Workspace\\okidokid\\build\\android\\gen\\com\\iesa\\okidokid\\R.java"
[INFO] Compiling Android Resources... This could take some time
[DEBUG] Android classes.dex built
[DEBUG] creating unsigned apk: D:\Development\Titanium Studio Workspace\okidokid\build\android\bin\app-unsigned.apk
[DEBUG] from resource zip => assets/Resources/images/btn/btn_ajouter_contact.png
[DEBUG] from resource zip => assets/Resources/images/btn/btn_ajouter_contact_hover.png
[DEBUG] from resource zip => assets/Resources/images/btn/btn_ajouter_enfant.png
[DEBUG] from resource zip => assets/Resources/images/btn/btn_ajouter_enfant_hover.png
[DEBUG] from resource zip => assets/Resources/images/btn/btn_confirmalert.png
[DEBUG] from resource zip => assets/Resources/images/btn/btn_confirmalert_hover.png
[DEBUG] from resource zip => assets/Resources/images/btn/btn_connexion.png
[DEBUG] from resource zip => assets/Resources/images/btn/btn_connexion_hover.png
[DEBUG] from resource zip => assets/Resources/images/btn/btn_enregistrer.png
[DEBUG] from resource zip => assets/Resources/images/btn/btn_enregistrer_hover.png
[DEBUG] from resource zip => assets/Resources/images/btn/btn_inscrire.png
[DEBUG] from resource zip => assets/Resources/images/btn/btn_inscrireON.png
[DEBUG] from resource zip => assets/Resources/images/btn/btn_inscrireON_hover.png
[DEBUG] from resource zip => assets/Resources/images/btn/btn_inscrire_hover.png
[DEBUG] from resource zip => assets/Resources/images/btn/btn_modifier_photo.png
[DEBUG] from resource zip => assets/Resources/images/btn/btn_modifier_photo_hover.png
[DEBUG] from resource zip => assets/Resources/images/btn/btn_rechercher.png
[DEBUG] from resource zip => assets/Resources/images/btn/btn_rechercher_hover.png
[DEBUG] from resource zip => assets/Resources/images/btn/btn_supprimer.png
[DEBUG] from resource zip => assets/Resources/images/btn/btn_supprimer_hover.png
[DEBUG] from resource zip => assets/Resources/images/btn/btn_valider.png
[DEBUG] from resource zip => assets/Resources/images/btn/btn_valider_hover.png
[DEBUG] from resource zip => assets/Resources/images/btn/ico_add.png
[DEBUG] from resource zip => assets/Resources/images/btn/ico_calendar.png
[DEBUG] from resource zip => assets/Resources/images/btn/ico_menu.png
[DEBUG] from resource zip => assets/Resources/images/btn/ico_menu_hover.png
[DEBUG] from resource zip => assets/Resources/images/btn/ico_modifier.png
[DEBUG] from resource zip => assets/Resources/images/btn/ico_modifier_hover.png
[DEBUG] from resource zip => assets/Resources/images/btn/ico_notif.png
[DEBUG] from resource zip => assets/Resources/images/Manon.png
[DEBUG] from resource zip => assets/Resources/images/Marie.png
[DEBUG] from resource zip => assets/Resources/images/Severin.png
[DEBUG] from resource zip => assets/Resources/images/bg.png
[DEBUG] from resource zip => assets/Resources/images/bg_btn_ajouter.png
[DEBUG] from resource zip => assets/Resources/images/bg_champ_ajouter_enfant.png
[DEBUG] from resource zip => assets/Resources/images/bg_champ_connexion.png
[DEBUG] from resource zip => assets/Resources/images/bg_champ_inscrire.png
[DEBUG] from resource zip => assets/Resources/images/bottom_bar.png
[DEBUG] from resource zip => assets/Resources/images/champ_ajouter_contact.png
[DEBUG] from resource zip => assets/Resources/images/formulaire_contact.png
[DEBUG] from resource zip => assets/Resources/images/ico_add.png
[DEBUG] from resource zip => assets/Resources/images/ico_addlocation.png
[DEBUG] from resource zip => assets/Resources/images/ico_addlocation_w.png
[DEBUG] from resource zip => assets/Resources/images/ico_ami.png
[DEBUG] from resource zip => assets/Resources/images/ico_ami_w.png
[DEBUG] from resource zip => assets/Resources/images/ico_arrow_down.png
[DEBUG] from resource zip => assets/Resources/images/ico_arrow_left.png
[DEBUG] from resource zip => assets/Resources/images/ico_arrow_right.png
[DEBUG] from resource zip => assets/Resources/images/ico_arrow_right_small.png
[DEBUG] from resource zip => assets/Resources/images/ico_arrow_top.png
[DEBUG] from resource zip => assets/Resources/images/ico_basket.png
[DEBUG] from resource zip => assets/Resources/images/ico_basket_w.png
[DEBUG] from resource zip => assets/Resources/images/ico_bureau.png
[DEBUG] from resource zip => assets/Resources/images/ico_bureau_w.png
[DEBUG] from resource zip => assets/Resources/images/ico_calendar.png
[DEBUG] from resource zip => assets/Resources/images/ico_centre.png
[DEBUG] from resource zip => assets/Resources/images/ico_centre_w.png
[DEBUG] from resource zip => assets/Resources/images/ico_clock_w.png
[DEBUG] from resource zip => assets/Resources/images/ico_colorarrow.png
[DEBUG] from resource zip => assets/Resources/images/ico_colorarrow_small.png
[DEBUG] from resource zip => assets/Resources/images/ico_combat.png
[DEBUG] from resource zip => assets/Resources/images/ico_combat_w.png
[DEBUG] from resource zip => assets/Resources/images/ico_danse.png
[DEBUG] from resource zip => assets/Resources/images/ico_danse_w.png
[DEBUG] from resource zip => assets/Resources/images/ico_docteur.png
[DEBUG] from resource zip => assets/Resources/images/ico_docteur_w.png
[DEBUG] from resource zip => assets/Resources/images/ico_dot_grey.png
[DEBUG] from resource zip => assets/Resources/images/ico_dot_pink.png
[DEBUG] from resource zip => assets/Resources/images/ico_ecole.png
[DEBUG] from resource zip => assets/Resources/images/ico_ecole_w.png
[DEBUG] from resource zip => assets/Resources/images/ico_foot.png
[DEBUG] from resource zip => assets/Resources/images/ico_foot_w.png
[DEBUG] from resource zip => assets/Resources/images/ico_gym.png
[DEBUG] from resource zip => assets/Resources/images/ico_gym_w.png
[DEBUG] from resource zip => assets/Resources/images/ico_heart_w.png
[DEBUG] from resource zip => assets/Resources/images/ico_logo.png
[DEBUG] from resource zip => assets/Resources/images/ico_maison.png
[DEBUG] from resource zip => assets/Resources/images/ico_maison_w.png
[DEBUG] from resource zip => assets/Resources/images/ico_menu.png
[DEBUG] from resource zip => assets/Resources/images/ico_menu_hover.png
[DEBUG] from resource zip => assets/Resources/images/ico_modifier.png
[DEBUG] from resource zip => assets/Resources/images/ico_modifier_hover.png
[DEBUG] from resource zip => assets/Resources/images/ico_musique.png
[DEBUG] from resource zip => assets/Resources/images/ico_musique_w.png
[DEBUG] from resource zip => assets/Resources/images/ico_notif.png
[DEBUG] from resource zip => assets/Resources/images/ico_phone_w.png
[DEBUG] from resource zip => assets/Resources/images/ico_photo.png
[DEBUG] from resource zip => assets/Resources/images/ico_photo_w.png
[DEBUG] from resource zip => assets/Resources/images/ico_tennis.png
[DEBUG] from resource zip => assets/Resources/images/ico_tennis_w.png
[DEBUG] from resource zip => assets/Resources/images/ico_theatre.png
[DEBUG] from resource zip => assets/Resources/images/ico_theatre_w.png
[DEBUG] from resource zip => assets/Resources/images/icoapp.png
[DEBUG] from resource zip => assets/Resources/images/jean-paul.png
[DEBUG] from resource zip => assets/Resources/images/logo-okidokid.png
[DEBUG] from resource zip => assets/Resources/images/logo_big.png
[DEBUG] from resource zip => assets/Resources/images/logo_top.png
[DEBUG] from resource zip => assets/Resources/images/onglet_jour.png
[DEBUG] from resource zip => assets/Resources/images/onglet_jour_selected.png
[DEBUG] from resource zip => assets/Resources/images/onglet_mois.png
[DEBUG] from resource zip => assets/Resources/images/onglet_mois_selected.png
[DEBUG] from resource zip => assets/Resources/images/onglet_semaine.png
[DEBUG] from resource zip => assets/Resources/images/onglet_semaine_selected.png
[DEBUG] from resource zip => assets/Resources/images/small-logo-okidokid.png
[DEBUG] from resource zip => assets/Resources/images/step1.png
[DEBUG] from resource zip => assets/Resources/images/step2.png
[DEBUG] from resource zip => assets/Resources/images/step3.png
[DEBUG] from resource zip => assets/Resources/images/step4.png
[DEBUG] from resource zip => assets/Resources/images/step5.png
[DEBUG] from resource zip => assets/Resources/images/step6.png
[DEBUG] from resource zip => assets/Resources/images/top_barre.png
[DEBUG] from resource zip => assets/Resources/lib/controller/ActivityController.js
[DEBUG] from resource zip => assets/Resources/lib/controller/AuthController.js
[DEBUG] from resource zip => assets/Resources/lib/controller/ChildController.js
[DEBUG] from resource zip => assets/Resources/lib/controller/ContactController.js
[DEBUG] from resource zip => assets/Resources/lib/controller/ProfileController.js
[DEBUG] from resource zip => assets/Resources/lib/controller/RegistrationController.js
[DEBUG] from resource zip => assets/Resources/ui/activity/ActivityAddView.js
[DEBUG] from resource zip => assets/Resources/ui/activity/ActivityAddWindow.js
[DEBUG] from resource zip => assets/Resources/ui/alert/step/Step1View.js
[DEBUG] from resource zip => assets/Resources/ui/alert/step/Step2View.js
[DEBUG] from resource zip => assets/Resources/ui/alert/step/Step3View.js
[DEBUG] from resource zip => assets/Resources/ui/alert/AlertView.js
[DEBUG] from resource zip => assets/Resources/ui/alert/AlertWindow.js
[DEBUG] from resource zip => assets/Resources/ui/auth/AuthView.js
[DEBUG] from resource zip => assets/Resources/ui/child/ChildActivitiesListView.js
[DEBUG] from resource zip => assets/Resources/ui/child/ChildAddView.js
[DEBUG] from resource zip => assets/Resources/ui/child/ChildAddWindow.js
[DEBUG] from resource zip => assets/Resources/ui/child/ChildListView.js
[DEBUG] from resource zip => assets/Resources/ui/child/ChildListWindow.js
[DEBUG] from resource zip => assets/Resources/ui/child/ChildPortraitView.js
[DEBUG] from resource zip => assets/Resources/ui/contact/ContactListView.js
[DEBUG] from resource zip => assets/Resources/ui/contact/ContactListWindow.js
[DEBUG] from resource zip => assets/Resources/ui/contact/ContactSearchView.js
[DEBUG] from resource zip => assets/Resources/ui/contact/ContactSearchWindow.js
[DEBUG] from resource zip => assets/Resources/ui/contact/ContactView.js
[DEBUG] from resource zip => assets/Resources/ui/footer/FooterView.js
[DEBUG] from resource zip => assets/Resources/ui/header/HeaderView.js
[DEBUG] from resource zip => assets/Resources/ui/menu/MenuView.js
[DEBUG] from resource zip => assets/Resources/ui/profile/ProfileView.js
[DEBUG] from resource zip => assets/Resources/ui/registration/RegistrationView.js
[DEBUG] from resource zip => assets/Resources/ui/schedule/ScheduleTabsView.js
[DEBUG] from resource zip => assets/Resources/ui/schedule/ScheduleView.js
[DEBUG] from resource zip => assets/Resources/ui/schedule/ScheduleWindow.js
[DEBUG] from resource zip => assets/Resources/ui/AuthWindow.js
[DEBUG] from resource zip => assets/Resources/ui/MenuWindow.js
[DEBUG] from resource zip => assets/Resources/ui/ProfileWindow.js
[DEBUG] from resource zip => assets/Resources/ui/RegistrationWindow.js
[DEBUG] from resource zip => assets/Resources/KS_nav_ui.png
[DEBUG] from resource zip => assets/Resources/KS_nav_views.png
[DEBUG] from resource zip => assets/Resources/app.js
[DEBUG] from resource zip => assets/Resources/appicon.png
[DEBUG] from resource zip => assets/Resources/appicon_old.png
[DEBUG] from resource zip => assets/Resources/default_old.png
[DEBUG] from resource zip => assets/Resources/ti.cloud.js
[DEBUG] from resource zip => assets/app.json
[DEBUG] from resource zip => assets/index.json
[DEBUG] from resource zip => assets/tiapp.xml
[DEBUG] from resource zip => res/drawable/appicon.png
[DEBUG] from resource zip => res/drawable/background.png
[DEBUG] from resource zip => res/layout/titanium_tabgroup.xml
[DEBUG] from resource zip => AndroidManifest.xml
[DEBUG] from resource zip => resources.arsc
[DEBUG] from resource zip => res/drawable-long-land-hdpi/background.png
[DEBUG] from resource zip => res/drawable-long-land-ldpi/background.png
[DEBUG] from resource zip => res/drawable-long-port-hdpi/background.png
[DEBUG] from resource zip => res/drawable-long-port-hdpi/default_old_0e5a672238.png
[DEBUG] from resource zip => res/drawable-long-port-ldpi/background.png
[DEBUG] from resource zip => res/drawable-long-port-ldpi/default_old_petit_4fd2c87033.png
[DEBUG] from resource zip => res/drawable-notlong-land-hdpi/background.png
[DEBUG] from resource zip => res/drawable-notlong-land-ldpi/background.png
[DEBUG] from resource zip => res/drawable-notlong-land-mdpi/background.png
[DEBUG] from resource zip => res/drawable-notlong-port-hdpi/background.png
[DEBUG] from resource zip => res/drawable-notlong-port-hdpi/default_old_0e5a672238.png
[DEBUG] from resource zip => res/drawable-notlong-port-ldpi/background.png
[DEBUG] from resource zip => res/drawable-notlong-port-mdpi/background.png
[DEBUG] from JAR C:\Users\Benjamin\AppData\Roaming\Titanium\mobilesdk\win32\2.0.2.GA\android\titanium.jar => org/appcelerator/titanium/build.properties
[DEBUG] from JAR C:\Users\Benjamin\AppData\Roaming\Titanium\mobilesdk\win32\2.0.2.GA\android\titanium.jar => org/appcelerator/titanium/res/drawable/background.png
[DEBUG] from JAR C:\Users\Benjamin\AppData\Roaming\Titanium\mobilesdk\win32\2.0.2.GA\android\titanium.jar => org/appcelerator/titanium/res/drawable/btn_check_buttonless_on.png
[DEBUG] from JAR C:\Users\Benjamin\AppData\Roaming\Titanium\mobilesdk\win32\2.0.2.GA\android\titanium.jar => org/appcelerator/titanium/res/drawable/btn_check_buttonless_on_18.png
[DEBUG] from JAR C:\Users\Benjamin\AppData\Roaming\Titanium\mobilesdk\win32\2.0.2.GA\android\titanium.jar => org/appcelerator/titanium/res/drawable/btn_check_buttonless_on_48.png
[DEBUG] from JAR C:\Users\Benjamin\AppData\Roaming\Titanium\mobilesdk\win32\2.0.2.GA\android\titanium.jar => org/appcelerator/titanium/res/drawable/btn_more.png
[DEBUG] from JAR C:\Users\Benjamin\AppData\Roaming\Titanium\mobilesdk\win32\2.0.2.GA\android\titanium.jar => org/appcelerator/titanium/res/drawable/btn_more_18.png
[DEBUG] from JAR C:\Users\Benjamin\AppData\Roaming\Titanium\mobilesdk\win32\2.0.2.GA\android\titanium.jar => org/appcelerator/titanium/res/drawable/btn_more_48.png
[DEBUG] from JAR C:\Users\Benjamin\AppData\Roaming\Titanium\mobilesdk\win32\2.0.2.GA\android\titanium.jar => org/appcelerator/titanium/res/drawable/btn_picker_normal.9.png
[DEBUG] from JAR C:\Users\Benjamin\AppData\Roaming\Titanium\mobilesdk\win32\2.0.2.GA\android\titanium.jar => org/appcelerator/titanium/res/drawable/btn_picker_pressed.9.png
[DEBUG] from JAR C:\Users\Benjamin\AppData\Roaming\Titanium\mobilesdk\win32\2.0.2.GA\android\titanium.jar => org/appcelerator/titanium/res/drawable/btn_picker_selected.9.png
[DEBUG] from JAR C:\Users\Benjamin\AppData\Roaming\Titanium\mobilesdk\win32\2.0.2.GA\android\titanium.jar => org/appcelerator/titanium/res/drawable/default_icon.png
[DEBUG] from JAR C:\Users\Benjamin\AppData\Roaming\Titanium\mobilesdk\win32\2.0.2.GA\android\titanium.jar => org/appcelerator/titanium/res/drawable/photoDefault.png
[DEBUG] from JAR C:\Users\Benjamin\AppData\Roaming\Titanium\mobilesdk\win32\2.0.2.GA\android\modules\titanium-ui.jar => ti/modules/titanium/ui/widget/webview/binding.js
[DEBUG] from JAR C:\Users\Benjamin\AppData\Roaming\Titanium\mobilesdk\win32\2.0.2.GA\android\modules\titanium-ui.jar => ti/modules/titanium/ui/widget/webview/binding.min.js
[DEBUG] from JAR C:\Users\Benjamin\AppData\Roaming\Titanium\mobilesdk\win32\2.0.2.GA\android\modules\titanium-ui.jar => ti/modules/titanium/ui/widget/webview/json2.js
[DEBUG] from JAR C:\Users\Benjamin\AppData\Roaming\Titanium\mobilesdk\win32\2.0.2.GA\android\thirdparty.jar => org/apache/Commons-NOTICE.txt
[DEBUG] from JAR C:\Users\Benjamin\AppData\Roaming\Titanium\mobilesdk\win32\2.0.2.GA\android\thirdparty.jar => org/apache/HttpComponents-NOTICE.txt
[DEBUG] from JAR C:\Users\Benjamin\AppData\Roaming\Titanium\mobilesdk\win32\2.0.2.GA\android\thirdparty.jar => org/apache/mime4j-NOTICE.txt
[DEBUG] installing native SDK libs
[DEBUG] Waiting for device to be ready ...
[TRACE] adb devices returned 1 devices/emulators
[DEBUG] Device connected... (waited 0 seconds)
[DEBUG] waited 0.024000 seconds on emulator to get ready
[INFO] Installing application on device
[INFO] Application installed. Launch from drawer on Home Screen
